en-us-comm2/README
en-us-comm2/feat.params
en-us-comm2/mdef
en-us-comm2/mdef.txt
en-us-comm2/means
en-us-comm2/mixture_weights
en-us-comm2/noisedict
en-us-comm2/sendump
en-us-comm2/transition_matrices
en-us-comm2/variances
en-us-comm3/README
en-us-comm3/feat.params
en-us-comm3/mdef
en-us-comm3/mdef.txt
en-us-comm3/means
en-us-comm3/mixture_weights
en-us-comm3/noisedict
en-us-comm3/sendump
en-us-comm3/transition_matrices
en-us-comm3/variances
en-us-eng2/README
en-us-eng2/feat.params
en-us-eng2/mdef
en-us-eng2/mdef.txt
en-us-eng2/means
en-us-eng2/mixture_weights
en-us-eng2/noisedict
en-us-eng2/sendump
en-us-eng2/transition_matrices
en-us-eng2/variances
en-us-hin2/README
en-us-hin2/feat.params
en-us-hin2/mdef
en-us-hin2/mdef.txt
en-us-hin2/means
en-us-hin2/mixture_weights
en-us-hin2/noisedict
en-us-hin2/sendump
en-us-hin2/transition_matrices
en-us-hin2/variances
engscript.dic
engscript.lm
gr.gram
hindiscript.dic
hindiscript.lm
medicaldict.dic